# JRE version: OpenJDK Runtime Environment Temurin-21.0.8+9 (21.0.8+9) (build 21.0.8+9-LTS)
# Java VM: OpenJDK 64-Bit Server VM Temurin-21.0.8+9 (21.0.8+9-LTS, mixed mode, sharing, tiered, compressed oops, compressed class ptrs, parallel gc, windows-amd64)
GC Precious Log:
 CardTable entry size: 512
 CPUs: 8 total, 8 available
 Memory: 11971M
 Large Page Support: Disabled
 NUMA Support: Disabled
 Compressed Oops: Enabled (32-bit)
 Alignments: Space 512K, Generation 512K, Heap 2M
 Heap Min Capacity: 100M
 Heap Initial Capacity: 100M
 Heap Max Capacity: 2G
 Pre-touch: Disabled
 Parallel Workers: 8
Heap:
 PSYoungGen      total 3584K, used 2950K [0x00000000d5580000, 0x00000000d5b80000, 0x0000000100000000)
  eden space 2560K, 92% used [0x00000000d5580000,0x00000000d57d3078,0x00000000d5800000)
  from space 1024K, 55% used [0x00000000d5980000,0x00000000d5a0e900,0x00000000d5a80000)
  to   space 1024K, 0% used [0x00000000d5a80000,0x00000000d5a80000,0x00000000d5b80000)
 ParOldGen       total 885248K, used 885181K [0x0000000080000000, 0x00000000b6080000, 0x00000000d5580000)
  object space 885248K, 99% used [0x0000000080000000,0x00000000b606f588,0x00000000b6080000)
 Metaspace       used 83458K, committed 85184K, reserved 1179648K
  class space    used 8634K, committed 9344K, reserved 1048576K
GC Heap History (20 events):
Event: 83708.444 GC heap before
{Heap before GC invocations=2011 (full 5):
 PSYoungGen      total 10752K, used 10377K [0x00000000d5580000, 0x00000000d6480000, 0x0000000100000000)
  eden space 6144K, 100% used [0x00000000d5580000,0x00000000d5b80000,0x00000000d5b80000)
  from space 4608K, 91% used [0x00000000d5c80000,0x00000000d60a2640,0x00000000d6100000)
  to   space 3584K, 0% used [0x00000000d6100000,0x00000000d6100000,0x00000000d6480000)
 ParOldGen       total 836096K, used 836058K [0x0000000080000000, 0x00000000b3080000, 0x00000000d5580000)
  object space 836096K, 99% used [0x0000000080000000,0x00000000b30768c0,0x00000000b3080000)
 Metaspace       used 83380K, committed 85056K, reserved 1179648K
  class space    used 8627K, committed 9344K, reserved 1048576K
}
Event: 83708.452 GC heap after
{Heap after GC invocations=2011 (full 5):
 PSYoungGen      total 5632K, used 3565K [0x00000000d5580000, 0x00000000d7000000, 0x0000000100000000)
  eden space 2048K, 0% used [0x00000000d5580000,0x00000000d5580000,0x00000000d5780000)
  from space 3584K, 99% used [0x00000000d6100000,0x00000000d647b6e8,0x00000000d6480000)
  to   space 9728K, 0% used [0x00000000d5780000,0x00000000d5780000,0x00000000d6100000)
 ParOldGen       total 841728K, used 841243K [0x0000000080000000, 0x00000000b3600000, 0x00000000d5580000)
  object space 841728K, 99% used [0x0000000080000000,0x00000000b3586f18,0x00000000b3600000)
 Metaspace       used 83380K, committed 85056K, reserved 1179648K
  class space    used 8627K, committed 9344K, reserved 1048576K
}
Event: 83708.539 GC heap before
{Heap before GC invocations=2012 (full 5):
 PSYoungGen      total 5632K, used 5613K [0x00000000d5580000, 0x00000000d7000000, 0x0000000100000000)
  eden space 2048K, 100% used [0x00000000d5580000,0x00000000d5780000,0x00000000d5780000)
  from space 3584K, 99% used [0x00000000d6100000,0x00000000d647b6e8,0x00000000d6480000)
  to   space 9728K, 0% used [0x00000000d5780000,0x00000000d5780000,0x00000000d6100000)
 ParOldGen       total 861696K, used 860443K [0x0000000080000000, 0x00000000b4980000, 0x00000000d5580000)
  object space 861696K, 99% used [0x0000000080000000,0x00000000b4846f38,0x00000000b4980000)
 Metaspace       used 83384K, committed 85120K, reserved 1179648K
  class space    used 8627K, committed 9344K, reserved 1048576K
}
Event: 83708.544 GC heap after
{Heap after GC invocations=2012 (full 5):
 PSYoungGen      total 3584K, used 1171K [0x00000000d5580000, 0x00000000d6180000, 0x0000000100000000)
  eden space 2048K, 0% used [0x00000000d5580000,0x00000000d5580000,0x00000000d5780000)
  from space 1536K, 76% used [0x00000000d5780000,0x00000000d58a4fd0,0x00000000d5900000)
  to   space 4096K, 0% used [0x00000000d5d80000,0x00000000d5d80000,0x00000000d6180000)
 ParOldGen       total 862720K, used 862563K [0x0000000080000000, 0x00000000b4a80000, 0x00000000d5580000)
  object space 862720K, 99% used [0x0000000080000000,0x00000000b4a58f38,0x00000000b4a80000)
 Metaspace       used 83384K, committed 85120K, reserved 1179648K
  class space    used 8627K, committed 9344K, reserved 1048576K
}
Event: 83708.554 GC heap before
{Heap before GC invocations=2013 (full 5):
 PSYoungGen      total 3584K, used 3219K [0x00000000d5580000, 0x00000000d6180000, 0x0000000100000000)
  eden space 2048K, 100% used [0x00000000d5580000,0x00000000d5780000,0x00000000d5780000)
  from space 1536K, 76% used [0x00000000d5780000,0x00000000d58a4fd0,0x00000000d5900000)
  to   space 4096K, 0% used [0x00000000d5d80000,0x00000000d5d80000,0x00000000d6180000)
 ParOldGen       total 874496K, used 874083K [0x0000000080000000, 0x00000000b5600000, 0x00000000d5580000)
  object space 874496K, 99% used [0x0000000080000000,0x00000000b5598f48,0x00000000b5600000)
 Metaspace       used 83384K, committed 85120K, reserved 1179648K
  class space    used 8627K, committed 9344K, reserved 1048576K
}
Event: 83708.558 GC heap after
{Heap after GC invocations=2013 (full 5):
 PSYoungGen      total 5120K, used 2080K [0x00000000d5580000, 0x00000000d6000000, 0x0000000100000000)
  eden space 2560K, 0% used [0x00000000d5580000,0x00000000d5580000,0x00000000d5800000)
  from space 2560K, 81% used [0x00000000d5d80000,0x00000000d5f88000,0x00000000d6000000)
  to   space 2560K, 0% used [0x00000000d5b00000,0x00000000d5b00000,0x00000000d5d80000)
 ParOldGen       total 875520K, used 875055K [0x0000000080000000, 0x00000000b5700000, 0x00000000d5580000)
  object space 875520K, 99% used [0x0000000080000000,0x00000000b568bf28,0x00000000b5700000)
 Metaspace       used 83384K, committed 85120K, reserved 1179648K
  class space    used 8627K, committed 9344K, reserved 1048576K
}
Event: 83708.570 GC heap before
{Heap before GC invocations=2014 (full 5):
 PSYoungGen      total 5120K, used 4640K [0x00000000d5580000, 0x00000000d6000000, 0x0000000100000000)
  eden space 2560K, 100% used [0x00000000d5580000,0x00000000d5800000,0x00000000d5800000)
  from space 2560K, 81% used [0x00000000d5d80000,0x00000000d5f88000,0x00000000d6000000)
  to   space 2560K, 0% used [0x00000000d5b00000,0x00000000d5b00000,0x00000000d5d80000)
 ParOldGen       total 875520K, used 875055K [0x0000000080000000, 0x00000000b5700000, 0x00000000d5580000)
  object space 875520K, 99% used [0x0000000080000000,0x00000000b568bf28,0x00000000b5700000)
 Metaspace       used 83390K, committed 85120K, reserved 1179648K
  class space    used 8627K, committed 9344K, reserved 1048576K
}
Event: 83708.574 GC heap after
{Heap after GC invocations=2014 (full 5):
 PSYoungGen      total 5632K, used 2144K [0x00000000d5580000, 0x00000000d5e00000, 0x0000000100000000)
  eden space 3072K, 0% used [0x00000000d5580000,0x00000000d5580000,0x00000000d5880000)
  from space 2560K, 83% used [0x00000000d5b00000,0x00000000d5d18000,0x00000000d5d80000)
  to   space 512K, 0% used [0x00000000d5d80000,0x00000000d5d80000,0x00000000d5e00000)
 ParOldGen       total 877568K, used 877079K [0x0000000080000000, 0x00000000b5900000, 0x00000000d5580000)
  object space 877568K, 99% used [0x0000000080000000,0x00000000b5885f28,0x00000000b5900000)
 Metaspace       used 83390K, committed 85120K, reserved 1179648K
  class space    used 8627K, committed 9344K, reserved 1048576K
}
Event: 83708.588 GC heap before
{Heap before GC invocations=2015 (full 5):
 PSYoungGen      total 5632K, used 5216K [0x00000000d5580000, 0x00000000d5e00000, 0x0000000100000000)
  eden space 3072K, 100% used [0x00000000d5580000,0x00000000d5880000,0x00000000d5880000)
  from space 2560K, 83% used [0x00000000d5b00000,0x00000000d5d18000,0x00000000d5d80000)
  to   space 512K, 0% used [0x00000000d5d80000,0x00000000d5d80000,0x00000000d5e00000)
 ParOldGen       total 877568K, used 877079K [0x0000000080000000, 0x00000000b5900000, 0x00000000d5580000)
  object space 877568K, 99% used [0x0000000080000000,0x00000000b5885f28,0x00000000b5900000)
 Metaspace       used 83393K, committed 85120K, reserved 1179648K
  class space    used 8627K, committed 9344K, reserved 1048576K
}
Event: 83708.595 GC heap after
{Heap after GC invocations=2015 (full 5):
 PSYoungGen      total 3072K, used 512K [0x00000000d5580000, 0x00000000d6480000, 0x0000000100000000)
  eden space 2560K, 0% used [0x00000000d5580000,0x00000000d5580000,0x00000000d5800000)
  from space 512K, 100% used [0x00000000d5d80000,0x00000000d5e00000,0x00000000d5e00000)
  to   space 5632K, 0% used [0x00000000d5800000,0x00000000d5800000,0x00000000d5d80000)
 ParOldGen       total 881664K, used 881407K [0x0000000080000000, 0x00000000b5d00000, 0x00000000d5580000)
  object space 881664K, 99% used [0x0000000080000000,0x00000000b5cbff28,0x00000000b5d00000)
 Metaspace       used 83393K, committed 85120K, reserved 1179648K
  class space    used 8627K, committed 9344K, reserved 1048576K
}
Event: 83708.620 GC heap before
{Heap before GC invocations=2016 (full 5):
 PSYoungGen      total 3072K, used 3072K [0x00000000d5580000, 0x00000000d6480000, 0x0000000100000000)
  eden space 2560K, 100% used [0x00000000d5580000,0x00000000d5800000,0x00000000d5800000)
  from space 512K, 100% used [0x00000000d5d80000,0x00000000d5e00000,0x00000000d5e00000)
  to   space 5632K, 0% used [0x00000000d5800000,0x00000000d5800000,0x00000000d5d80000)
 ParOldGen       total 881664K, used 881407K [0x0000000080000000, 0x00000000b5d00000, 0x00000000d5580000)
  object space 881664K, 99% used [0x0000000080000000,0x00000000b5cbff28,0x00000000b5d00000)
 Metaspace       used 83393K, committed 85120K, reserved 1179648K
  class space    used 8627K, committed 9344K, reserved 1048576K
}
Event: 83708.624 GC heap after
{Heap after GC invocations=2016 (full 5):
 PSYoungGen      total 4608K, used 1920K [0x00000000d5580000, 0x00000000d5e80000, 0x0000000100000000)
  eden space 2560K, 0% used [0x00000000d5580000,0x00000000d5580000,0x00000000d5800000)
  from space 2048K, 93% used [0x00000000d5800000,0x00000000d59e0000,0x00000000d5a00000)
  to   space 3072K, 0% used [0x00000000d5b80000,0x00000000d5b80000,0x00000000d5e80000)
 ParOldGen       total 882176K, used 881967K [0x0000000080000000, 0x00000000b5d80000, 0x00000000d5580000)
  object space 882176K, 99% used [0x0000000080000000,0x00000000b5d4bf28,0x00000000b5d80000)
 Metaspace       used 83393K, committed 85120K, reserved 1179648K
  class space    used 8627K, committed 9344K, reserved 1048576K
}
Event: 83708.718 GC heap before
{Heap before GC invocations=2017 (full 5):
 PSYoungGen      total 4608K, used 4480K [0x00000000d5580000, 0x00000000d5e80000, 0x0000000100000000)
  eden space 2560K, 100% used [0x00000000d5580000,0x00000000d5800000,0x00000000d5800000)
  from space 2048K, 93% used [0x00000000d5800000,0x00000000d59e0000,0x00000000d5a00000)
  to   space 3072K, 0% used [0x00000000d5b80000,0x00000000d5b80000,0x00000000d5e80000)
 ParOldGen       total 882176K, used 881967K [0x0000000080000000, 0x00000000b5d80000, 0x00000000d5580000)
  object space 882176K, 99% used [0x0000000080000000,0x00000000b5d4bf28,0x00000000b5d80000)
 Metaspace       used 83397K, committed 85120K, reserved 1179648K
  class space    used 8627K, committed 9344K, reserved 1048576K
}
Event: 83708.724 GC heap after
{Heap after GC invocations=2017 (full 5):
 PSYoungGen      total 4608K, used 2048K [0x00000000d5580000, 0x00000000d5d80000, 0x0000000100000000)
  eden space 2560K, 0% used [0x00000000d5580000,0x00000000d5580000,0x00000000d5800000)
  from space 2048K, 100% used [0x00000000d5b80000,0x00000000d5d80000,0x00000000d5d80000)
  to   space 2560K, 0% used [0x00000000d5880000,0x00000000d5880000,0x00000000d5b00000)
 ParOldGen       total 883200K, used 883135K [0x0000000080000000, 0x00000000b5e80000, 0x00000000d5580000)
  object space 883200K, 99% used [0x0000000080000000,0x00000000b5e6ff28,0x00000000b5e80000)
 Metaspace       used 83397K, committed 85120K, reserved 1179648K
  class space    used 8627K, committed 9344K, reserved 1048576K
}
Event: 83723.870 GC heap before
{Heap before GC invocations=2018 (full 5):
 PSYoungGen      total 4608K, used 4608K [0x00000000d5580000, 0x00000000d5d80000, 0x0000000100000000)
  eden space 2560K, 100% used [0x00000000d5580000,0x00000000d5800000,0x00000000d5800000)
  from space 2048K, 100% used [0x00000000d5b80000,0x00000000d5d80000,0x00000000d5d80000)
  to   space 2560K, 0% used [0x00000000d5880000,0x00000000d5880000,0x00000000d5b00000)
 ParOldGen       total 883200K, used 883135K [0x0000000080000000, 0x00000000b5e80000, 0x00000000d5580000)
  object space 883200K, 99% used [0x0000000080000000,0x00000000b5e6ff28,0x00000000b5e80000)
 Metaspace       used 83400K, committed 85120K, reserved 1179648K
  class space    used 8627K, committed 9344K, reserved 1048576K
}
Event: 83723.874 GC heap after
{Heap after GC invocations=2018 (full 5):
 PSYoungGen      total 5120K, used 192K [0x00000000d5580000, 0x00000000d5c00000, 0x0000000100000000)
  eden space 2560K, 0% used [0x00000000d5580000,0x00000000d5580000,0x00000000d5800000)
  from space 2560K, 7% used [0x00000000d5880000,0x00000000d58b0000,0x00000000d5b00000)
  to   space 1024K, 0% used [0x00000000d5b00000,0x00000000d5b00000,0x00000000d5c00000)
 ParOldGen       total 885248K, used 885085K [0x0000000080000000, 0x00000000b6080000, 0x00000000d5580000)
  object space 885248K, 99% used [0x0000000080000000,0x00000000b6057588,0x00000000b6080000)
 Metaspace       used 83400K, committed 85120K, reserved 1179648K
  class space    used 8627K, committed 9344K, reserved 1048576K
}
Event: 83727.372 GC heap before
{Heap before GC invocations=2019 (full 5):
 PSYoungGen      total 5120K, used 2752K [0x00000000d5580000, 0x00000000d5c00000, 0x0000000100000000)
  eden space 2560K, 100% used [0x00000000d5580000,0x00000000d5800000,0x00000000d5800000)
  from space 2560K, 7% used [0x00000000d5880000,0x00000000d58b0000,0x00000000d5b00000)
  to   space 1024K, 0% used [0x00000000d5b00000,0x00000000d5b00000,0x00000000d5c00000)
 ParOldGen       total 885248K, used 885085K [0x0000000080000000, 0x00000000b6080000, 0x00000000d5580000)
  object space 885248K, 99% used [0x0000000080000000,0x00000000b6057588,0x00000000b6080000)
 Metaspace       used 83420K, committed 85120K, reserved 1179648K
  class space    used 8629K, committed 9344K, reserved 1048576K
}
Event: 83727.374 GC heap after
{Heap after GC invocations=2019 (full 5):
 PSYoungGen      total 3072K, used 474K [0x00000000d5580000, 0x00000000d5b80000, 0x0000000100000000)
  eden space 2560K, 0% used [0x00000000d5580000,0x00000000d5580000,0x00000000d5800000)
  from space 512K, 92% used [0x00000000d5b00000,0x00000000d5b76900,0x00000000d5b80000)
  to   space 1024K, 0% used [0x00000000d5980000,0x00000000d5980000,0x00000000d5a80000)
 ParOldGen       total 885248K, used 885133K [0x0000000080000000, 0x00000000b6080000, 0x00000000d5580000)
  object space 885248K, 99% used [0x0000000080000000,0x00000000b6063588,0x00000000b6080000)
 Metaspace       used 83420K, committed 85120K, reserved 1179648K
  class space    used 8629K, committed 9344K, reserved 1048576K
}
Event: 83727.477 GC heap before
{Heap before GC invocations=2020 (full 5):
 PSYoungGen      total 3072K, used 3034K [0x00000000d5580000, 0x00000000d5b80000, 0x0000000100000000)
  eden space 2560K, 100% used [0x00000000d5580000,0x00000000d5800000,0x00000000d5800000)
  from space 512K, 92% used [0x00000000d5b00000,0x00000000d5b76900,0x00000000d5b80000)
  to   space 1024K, 0% used [0x00000000d5980000,0x00000000d5980000,0x00000000d5a80000)
 ParOldGen       total 885248K, used 885133K [0x0000000080000000, 0x00000000b6080000, 0x00000000d5580000)
  object space 885248K, 99% used [0x0000000080000000,0x00000000b6063588,0x00000000b6080000)
 Metaspace       used 83451K, committed 85184K, reserved 1179648K
  class space    used 8634K, committed 9344K, reserved 1048576K
}
Event: 83727.480 GC heap after
{Heap after GC invocations=2020 (full 5):
 PSYoungGen      total 3584K, used 570K [0x00000000d5580000, 0x00000000d5b80000, 0x0000000100000000)
  eden space 2560K, 0% used [0x00000000d5580000,0x00000000d5580000,0x00000000d5800000)
  from space 1024K, 55% used [0x00000000d5980000,0x00000000d5a0e900,0x00000000d5a80000)
  to   space 1024K, 0% used [0x00000000d5a80000,0x00000000d5a80000,0x00000000d5b80000)
 ParOldGen       total 885248K, used 885181K [0x0000000080000000, 0x00000000b6080000, 0x00000000d5580000)
  object space 885248K, 99% used [0x0000000080000000,0x00000000b606f588,0x00000000b6080000)
 Metaspace       used 83451K, committed 85184K, reserved 1179648K
  class space    used 8634K, committed 9344K, reserved 1048576K
}

